2025/03/16 19:51:04 [emerg] 1#1: no resolver defined to resolve names at run time in upstream "backend" in /etc/nginx/nginx.conf:6
2025/03/16 19:51:18 [emerg] 1#1: no resolver defined to resolve names at run time in upstream "backend" in /etc/nginx/nginx.conf:6
2025/03/16 19:51:17 [emerg] 1#1: no resolver defined to resolve names at run time in upstream "backend" in /etc/nginx/nginx.conf:6
2025/03/16 19:51:24 [emerg] 1#1: no resolver defined to resolve names at run time in upstream "backend" in /etc/nginx/nginx.conf:6
2025/03/17 21:49:09 [emerg] 1#1: resolving names at run time requires upstream "backend" in /etc/nginx/nginx.conf:6 to be in shared memory
2025/03/17 21:49:16 [emerg] 1#1: resolving names at run time requires upstream "backend" in /etc/nginx/nginx.conf:6 to be in shared memory
2025/03/17 21:49:23 [emerg] 1#1: resolving names at run time requires upstream "backend" in /etc/nginx/nginx.conf:6 to be in shared memory
2025/03/17 21:49:29 [emerg] 1#1: resolving names at run time requires upstream "backend" in /etc/nginx/nginx.conf:6 to be in shared memory
2025/03/17 21:49:36 [emerg] 1#1: resolving names at run time requires upstream "backend" in /etc/nginx/nginx.conf:6 to be in shared memory
2025/03/17 21:49:43 [emerg] 1#1: resolving names at run time requires upstream "backend" in /etc/nginx/nginx.conf:6 to be in shared memory
2025/03/17 21:49:50 [emerg] 1#1: resolving names at run time requires upstream "backend" in /etc/nginx/nginx.conf:6 to be in shared memory
2025/03/17 21:49:56 [emerg] 1#1: resolving names at run time requires upstream "backend" in /etc/nginx/nginx.conf:6 to be in shared memory
2025/03/17 21:50:03 [emerg] 1#1: resolving names at run time requires upstream "backend" in /etc/nginx/nginx.conf:6 to be in shared memory
2025/03/17 21:50:10 [emerg] 1#1: resolving names at run time requires upstream "backend" in /etc/nginx/nginx.conf:6 to be in shared memory
2025/03/17 21:50:17 [emerg] 1#1: resolving names at run time requires upstream "backend" in /etc/nginx/nginx.conf:6 to be in shared memory
2025/03/17 21:50:23 [emerg] 1#1: resolving names at run time requires upstream "backend" in /etc/nginx/nginx.conf:6 to be in shared memory
2025/03/17 21:50:30 [emerg] 1#1: resolving names at run time requires upstream "backend" in /etc/nginx/nginx.conf:6 to be in shared memory
2025/03/17 21:50:36 [emerg] 1#1: resolving names at run time requires upstream "backend" in /etc/nginx/nginx.conf:6 to be in shared memory
2025/03/17 21:50:42 [emerg] 1#1: resolving names at run time requires upstream "backend" in /etc/nginx/nginx.conf:6 to be in shared memory
2025/03/17 21:51:24 [emerg] 1#1: resolving names at run time requires upstream "backend" in /etc/nginx/nginx.conf:6 to be in shared memory
2025/03/17 21:51:30 [emerg] 1#1: resolving names at run time requires upstream "backend" in /etc/nginx/nginx.conf:6 to be in shared memory
2025/03/17 21:51:36 [emerg] 1#1: resolving names at run time requires upstream "backend" in /etc/nginx/nginx.conf:6 to be in shared memory
2025/03/17 21:51:43 [emerg] 1#1: resolving names at run time requires upstream "backend" in /etc/nginx/nginx.conf:6 to be in shared memory
2025/03/17 21:51:49 [emerg] 1#1: resolving names at run time requires upstream "backend" in /etc/nginx/nginx.conf:6 to be in shared memory
2025/03/17 21:51:55 [emerg] 1#1: resolving names at run time requires upstream "backend" in /etc/nginx/nginx.conf:6 to be in shared memory
2025/03/17 21:52:01 [emerg] 1#1: resolving names at run time requires upstream "backend" in /etc/nginx/nginx.conf:6 to be in shared memory
2025/03/17 21:53:24 [emerg] 1#1: no resolver defined to resolve names at run time in upstream "backend" in /etc/nginx/nginx.conf:6
2025/03/17 21:53:30 [emerg] 1#1: no resolver defined to resolve names at run time in upstream "backend" in /etc/nginx/nginx.conf:6
2025/03/17 21:53:36 [emerg] 1#1: no resolver defined to resolve names at run time in upstream "backend" in /etc/nginx/nginx.conf:6
2025/03/17 21:53:42 [emerg] 1#1: no resolver defined to resolve names at run time in upstream "backend" in /etc/nginx/nginx.conf:6
2025/03/17 21:53:48 [emerg] 1#1: no resolver defined to resolve names at run time in upstream "backend" in /etc/nginx/nginx.conf:6
2025/03/17 21:54:03 [emerg] 1#1: no resolver defined to resolve names at run time in upstream "backend" in /etc/nginx/nginx.conf:6
2025/03/17 21:54:09 [emerg] 1#1: no resolver defined to resolve names at run time in upstream "backend" in /etc/nginx/nginx.conf:6
2025/03/17 21:54:16 [emerg] 1#1: no resolver defined to resolve names at run time in upstream "backend" in /etc/nginx/nginx.conf:6
2025/03/17 21:54:22 [emerg] 1#1: no resolver defined to resolve names at run time in upstream "backend" in /etc/nginx/nginx.conf:6
2025/03/17 21:54:27 [emerg] 1#1: no resolver defined to resolve names at run time in upstream "backend" in /etc/nginx/nginx.conf:6
2025/03/17 21:54:25 [emerg] 1#1: no resolver defined to resolve names at run time in upstream "backend" in /etc/nginx/nginx.conf:6
2025/03/17 21:54:31 [emerg] 1#1: no resolver defined to resolve names at run time in upstream "backend" in /etc/nginx/nginx.conf:6
2025/03/17 22:00:52 [emerg] 1#1: no resolver defined to resolve names at run time in upstream "backend" in /etc/nginx/nginx.conf:8
2025/03/17 22:00:58 [emerg] 1#1: no resolver defined to resolve names at run time in upstream "backend" in /etc/nginx/nginx.conf:8
2025/03/17 22:01:13 [emerg] 1#1: no resolver defined to resolve names at run time in upstream "backend" in /etc/nginx/nginx.conf:8
2025/03/17 22:01:11 [emerg] 1#1: no resolver defined to resolve names at run time in upstream "backend" in /etc/nginx/nginx.conf:8
2025/03/17 22:01:17 [emerg] 1#1: no resolver defined to resolve names at run time in upstream "backend" in /etc/nginx/nginx.conf:8
2025/03/17 22:01:36 [error] 29#29: web could not be resolved (2: Server failure)
2025/03/17 22:17:36 [emerg] 1#1: invalid number of arguments in "ip_hash" directive in /etc/nginx/nginx.conf:11
2025/03/17 22:17:41 [emerg] 1#1: invalid number of arguments in "ip_hash" directive in /etc/nginx/nginx.conf:11
2025/03/17 22:17:47 [emerg] 1#1: invalid number of arguments in "ip_hash" directive in /etc/nginx/nginx.conf:11
2025/03/17 22:17:54 [emerg] 1#1: invalid number of arguments in "ip_hash" directive in /etc/nginx/nginx.conf:11
2025/03/17 22:18:20 [error] 29#29: web could not be resolved (2: Server failure)
2025/03/17 22:18:41 [error] 29#29: *2 no live upstreams while connecting to upstream, client: 10.0.0.2, server: , request: "GET / HTTP/1.1", upstream: "http://backend/", host: "localhost"
2025/03/18 23:20:14 [error] 29#29: web could not be resolved (3: Host not found)
2025/03/18 23:31:58 [error] 29#29: web could not be resolved (3: Host not found)
2025/03/18 23:49:06 [error] 29#29: tasks.web could not be resolved (3: Host not found)
2025/03/18 23:57:01 [emerg] 1#1: host not found in upstream "tasks.web:80" in /etc/nginx/nginx.conf:20
